2026-02-27 二次更新 前端：v2.0.1 后端：v2.0.1
前端
  -添加推送渠道官网的跳转（感谢来自 囧囧JOJO 的pr）

后端
  -修复了经验上限后不帮忙功能失效的问题
  -修改了使用有机肥的逻辑，现在使用有机肥会一口气全用完
  -修复了默认设置的保存与读取问题（默认设置仍需手动在文件中修改）



2026-02-27 重构 前端：v2.0.0  后端：v2.0.0
后端重构
  - 项目结构重构，后端移至 core/，前端移至 web/，前后端分离
  - 新增 runtime/ 运行时模块（runtime-engine.js、worker-manager.js、data-provider.js、runtime-state.js）
  - 新增 services/scheduler.js 统一调度器
  - 新增 services/logger.js 日志模块
  - 新增 services/json-db.js 原子化 JSON 存储
  - 新增 services/account-resolver.js 账号解析
  - 新增 services/openserver.js

  功能新增
  - 好友黑名单：可对单个好友加入/移出黑名单，巡查时自动跳过
  - 账号升级统计
  - 开服红包自动领取
  - 本地生成二维码（感谢来自 格子 的pr）

前端重构（Vue 3 + Pinia + UnoCSS）（感谢来自 梦念逍遥 的pr）
  - 全新 Web 管理面板，替换原有界面
  - 侧边栏导航、账号切换
  - 概览页（今日统计带图标、高分屏适配）
  - 农场页、好友页、背包页、任务页、账号管理页、设置页
  - 实时日志（Socket.io），支持事件标签筛选
  - 移动端适配（100dvh、滚动修复）

  ---






2026-02-23 二次更新 v1.2.1
修复：
使用化肥礼包或者填充化肥容器中可能出现的卡死问题
化肥容器达到上限后使用失败的提醒（现在化肥容器达到 990个小时就不会再填充化肥）
邮箱领取的日志输出事件名缺失修复
邮箱邮件类型领取修复
成长任务进度条显示修复

调整：
日志时间改为二十四小时制
优化土地卡片的显示
优化背包物品卡片的显示
修改了版本号，现在版本号更加直观





2026-02-23 一次更新 v1.2.0
【注意，本次更新内容极多，且并没有完全测试验证功能可行（我没有月卡，也没试着领图鉴奖励）】
【新版本有可能不稳定，且使用新版建议删除data目录（store.json可能存在冲突）】
新增：
账号可以自动购买商城免费礼包
自动领取分享奖励
自动领取月卡奖励
自动领取邮箱奖励
自动领取QQ会员奖励
用点卷购买化肥礼包
自动使用化肥礼包和化肥并填充进容器
自动领取图鉴奖励
允许当帮忙达到经验上限时不执行帮忙操作
现在会显示账号每日任务的完成情况以及各个礼包的领取情况
会显示账号当前成长任务内容以及进度

修复：
优化踢下线逻辑，现在账号踢下线不会删除账号
删除了部分冗余代码

调整：
将侧边栏的土地与农场合并为个人栏
删除极少用到的分析栏，并将入口放置在设置的种植策略区域
调整土地卡片与背包卡片的显示排列与大小
将推送渠道的部分英文名改为中文
对于下线提醒相关问题，可以查看pushoo官方文档，在README中已有提及





2026-02-22 一次更新 v1.1.1
新增：
账号下线提醒支持发送重登陆链接或者二维码链接并监听登录
//其实我想发深链，由本地服务器做一个临时中间页直接通过QQ深链跳转，但这太麻烦了，而且考虑到各个服务器host获取并不稳定就不了了之

调整：
修改了消息下线提醒推送的api，使用pushoo并支持多个平台的下线提醒

修复：
更新了一个依赖包的版本，解决一个低安全问题

来自 梦念逍遥 的 Pull request
新增：
添加应用图标文件并更新网页图标引用

调整：
实现统一的账户重启逻辑并清理冗余代码
重构好友访问逻辑

修复：
修复账号编辑与登录失效处理的若干问题




2026-02-21 一次更新 v1.1.0
新增：
账号下线通知提醒，账号下线会POST设置中的接口并把参数以json格式提交，支持bark，也可以自己搭建接口
可以设置账号离线后删除的时间间隔，默认2分钟
可以使用Docker部署，详见README

修复：
修复了各个密码框的密码可视按钮会因为密码框失焦或切换主题而消失
修复了上次更新中桌面端按钮的显示错位

调整：
调整设置卡片布局，合并 策略设置 与 自动控制 卡片，调整 密码设置 卡片布局





2026-02-21 特别更新
感谢 梦念逍遥 的 Pull request
以下是他的更新：
新增：
添加 GitHub Actions 工作流用于构建和发布
添加管理密码修改功能
增加登录失效检测与自动更新Code功能
更新客户端版本
解析WebSocket错误码并记录日志




2026-02-20 一次更新 v1.0.1
修复：
无账号情况下的保存设置与读取设置问题

调整：
把日志框中的模块归属输出规范化
日志框筛选器刷新优化
静默时段日志不再输出
领取任务奖励失败不再输出
出售收益待同步的事件移出
土地升级失败不再是警告，而是普通日志




2026-02-19 一次更新 v1.0.0

本次更新内容较多，可能出现bug

新增：
允许用户在手机端直接跳转QQ登录账号
概览页面农场，好友轮询时间可视化，点卷变化量可视化
全局设置改为每个用户账号使用一个独立的设置
【特别说明，当没有选中账号时，点击保存会保存到默认设置，即新账号加入后使用的设置，后续可以选择具体账号单独调整设置】
【请注意，旧版位于data目录下的store.json可能会与新版json不兼容，删除即可】
新增按经验/利润等收益进行种植的策略
日志框允许使用系统模块进行筛选

修复：
修复使用普通肥和两季作物相关的效率相关计算问题
修复日志框中任务获取没有日志的问题
修复多账号切换时刷新会导致当前选取账号失效的问题
修复多账号切换时农场，背包，好友界面不会自动刷新的问题
修复桌面端在极低分辨率下可能出现的UI显示问题

调整：
偷取好友作物后也会自动卖出
当关闭土地推送时，日志框不会再输出内容
自动控制设置卡片从概览页面调整到设置页面
删除前端模块的日志输出
